# JRE version: OpenJDK Runtime Environment (11.0.11+9) (build 11.0.11+9-b60-7590822)
# Java VM: OpenJDK 64-Bit Server VM (11.0.11+9-b60-7590822, mixed mode, tiered, compressed oops, g1 gc, windows-amd64)
Heap:
 garbage-first heap   total 194560K, used 152591K [0x00000000a0000000, 0x0000000100000000)
  region size 1024K, 37 young (37888K), 2 survivors (2048K)
 Metaspace       used 88957K, capacity 93034K, committed 93260K, reserved 1130496K
  class space    used 11546K, capacity 12819K, committed 12928K, reserved 1048576K
GC Heap History (20 events):
Event: 12.808 GC heap before
{Heap before GC invocations=15 (full 0):
 garbage-first heap   total 194560K, used 153327K [0x00000000a0000000, 0x0000000100000000)
  region size 1024K, 61 young (62464K), 10 survivors (10240K)
 Metaspace       used 81723K, capacity 85072K, committed 85196K, reserved 1122304K
  class space    used 10663K, capacity 11703K, committed 11776K, reserved 1048576K
}
Event: 12.820 GC heap after
{Heap after GC invocations=16 (full 0):
 garbage-first heap   total 194560K, used 107842K [0x00000000a0000000, 0x0000000100000000)
  region size 1024K, 6 young (6144K), 6 survivors (6144K)
 Metaspace       used 81723K, capacity 85072K, committed 85196K, reserved 1122304K
  class space    used 10663K, capacity 11703K, committed 11776K, reserved 1048576K
}
Event: 13.596 GC heap before
{Heap before GC invocations=17 (full 0):
 garbage-first heap   total 194560K, used 155970K [0x00000000a0000000, 0x0000000100000000)
  region size 1024K, 53 young (54272K), 6 survivors (6144K)
 Metaspace       used 83610K, capacity 87103K, committed 87244K, reserved 1124352K
  class space    used 10852K, capacity 11911K, committed 12032K, reserved 1048576K
}
Event: 13.606 GC heap after
{Heap after GC invocations=18 (full 0):
 garbage-first heap   total 194560K, used 116956K [0x00000000a0000000, 0x0000000100000000)
  region size 1024K, 7 young (7168K), 7 survivors (7168K)
 Metaspace       used 83610K, capacity 87103K, committed 87244K, reserved 1124352K
  class space    used 10852K, capacity 11911K, committed 12032K, reserved 1048576K
}
Event: 14.015 GC heap before
{Heap before GC invocations=18 (full 0):
 garbage-first heap   total 194560K, used 156892K [0x00000000a0000000, 0x0000000100000000)
  region size 1024K, 46 young (47104K), 7 survivors (7168K)
 Metaspace       used 84990K, capacity 88513K, committed 88652K, reserved 1126400K
  class space    used 11036K, capacity 12117K, committed 12160K, reserved 1048576K
}
Event: 14.026 GC heap after
{Heap after GC invocations=19 (full 0):
 garbage-first heap   total 194560K, used 123128K [0x00000000a0000000, 0x0000000100000000)
  region size 1024K, 6 young (6144K), 6 survivors (6144K)
 Metaspace       used 84990K, capacity 88513K, committed 88652K, reserved 1126400K
  class space    used 11036K, capacity 12117K, committed 12160K, reserved 1048576K
}
Event: 14.852 GC heap before
{Heap before GC invocations=20 (full 0):
 garbage-first heap   total 194560K, used 157944K [0x00000000a0000000, 0x0000000100000000)
  region size 1024K, 41 young (41984K), 6 survivors (6144K)
 Metaspace       used 85779K, capacity 89467K, committed 89676K, reserved 1126400K
  class space    used 11180K, capacity 12306K, committed 12416K, reserved 1048576K
}
Event: 14.858 GC heap after
{Heap after GC invocations=21 (full 0):
 garbage-first heap   total 194560K, used 126522K [0x00000000a0000000, 0x0000000100000000)
  region size 1024K, 4 young (4096K), 4 survivors (4096K)
 Metaspace       used 85779K, capacity 89467K, committed 89676K, reserved 1126400K
  class space    used 11180K, capacity 12306K, committed 12416K, reserved 1048576K
}
Event: 301.751 GC heap before
{Heap before GC invocations=21 (full 0):
 garbage-first heap   total 194560K, used 159290K [0x00000000a0000000, 0x0000000100000000)
  region size 1024K, 37 young (37888K), 4 survivors (4096K)
 Metaspace       used 87665K, capacity 91551K, committed 91724K, reserved 1128448K
  class space    used 11448K, capacity 12644K, committed 12672K, reserved 1048576K
}
Event: 301.767 GC heap after
{Heap after GC invocations=22 (full 0):
 garbage-first heap   total 194560K, used 126897K [0x00000000a0000000, 0x0000000100000000)
  region size 1024K, 2 young (2048K), 2 survivors (2048K)
 Metaspace       used 87665K, capacity 91551K, committed 91724K, reserved 1128448K
  class space    used 11448K, capacity 12644K, committed 12672K, reserved 1048576K
}
Event: 760.260 GC heap before
{Heap before GC invocations=23 (full 0):
 garbage-first heap   total 194560K, used 161713K [0x00000000a0000000, 0x0000000100000000)
  region size 1024K, 37 young (37888K), 2 survivors (2048K)
 Metaspace       used 87957K, capacity 91916K, committed 91980K, reserved 1128448K
  class space    used 11463K, capacity 12667K, committed 12672K, reserved 1048576K
}
Event: 760.264 GC heap after
{Heap after GC invocations=24 (full 0):
 garbage-first heap   total 194560K, used 129500K [0x00000000a0000000, 0x0000000100000000)
  region size 1024K, 5 young (5120K), 5 survivors (5120K)
 Metaspace       used 87957K, capacity 91916K, committed 91980K, reserved 1128448K
  class space    used 11463K, capacity 12667K, committed 12672K, reserved 1048576K
}
Event: 760.688 GC heap before
{Heap before GC invocations=24 (full 0):
 garbage-first heap   total 194560K, used 162268K [0x00000000a0000000, 0x0000000100000000)
  region size 1024K, 38 young (38912K), 5 survivors (5120K)
 Metaspace       used 88169K, capacity 92130K, committed 92364K, reserved 1128448K
  class space    used 11474K, capacity 12688K, committed 12800K, reserved 1048576K
}
Event: 760.716 GC heap after
{Heap after GC invocations=25 (full 0):
 garbage-first heap   total 194560K, used 133061K [0x00000000a0000000, 0x0000000100000000)
  region size 1024K, 5 young (5120K), 5 survivors (5120K)
 Metaspace       used 88169K, capacity 92130K, committed 92364K, reserved 1128448K
  class space    used 11474K, capacity 12688K, committed 12800K, reserved 1048576K
}
Event: 761.079 GC heap before
{Heap before GC invocations=26 (full 0):
 garbage-first heap   total 194560K, used 163781K [0x00000000a0000000, 0x0000000100000000)
  region size 1024K, 35 young (35840K), 5 survivors (5120K)
 Metaspace       used 88397K, capacity 92424K, committed 92620K, reserved 1128448K
  class space    used 11496K, capacity 12728K, committed 12800K, reserved 1048576K
}
Event: 761.089 GC heap after
{Heap after GC invocations=27 (full 0):
 garbage-first heap   total 194560K, used 138499K [0x00000000a0000000, 0x0000000100000000)
  region size 1024K, 5 young (5120K), 5 survivors (5120K)
 Metaspace       used 88397K, capacity 92424K, committed 92620K, reserved 1128448K
  class space    used 11496K, capacity 12728K, committed 12800K, reserved 1048576K
}
Event: 761.134 GC heap before
{Heap before GC invocations=27 (full 0):
 garbage-first heap   total 194560K, used 142595K [0x00000000a0000000, 0x0000000100000000)
  region size 1024K, 9 young (9216K), 5 survivors (5120K)
 Metaspace       used 88420K, capacity 92431K, committed 92620K, reserved 1128448K
  class space    used 11497K, capacity 12729K, committed 12800K, reserved 1048576K
}
Event: 761.142 GC heap after
{Heap after GC invocations=28 (full 0):
 garbage-first heap   total 194560K, used 123292K [0x00000000a0000000, 0x0000000100000000)
  region size 1024K, 2 young (2048K), 2 survivors (2048K)
 Metaspace       used 88420K, capacity 92431K, committed 92620K, reserved 1128448K
  class space    used 11497K, capacity 12729K, committed 12800K, reserved 1048576K
}
Event: 761.212 GC heap before
{Heap before GC invocations=28 (full 0):
 garbage-first heap   total 194560K, used 129436K [0x00000000a0000000, 0x0000000100000000)
  region size 1024K, 9 young (9216K), 2 survivors (2048K)
 Metaspace       used 88699K, capacity 92810K, committed 92876K, reserved 1130496K
  class space    used 11533K, capacity 12796K, committed 12800K, reserved 1048576K
}
Event: 761.222 GC heap after
{Heap after GC invocations=29 (full 0):
 garbage-first heap   total 194560K, used 117775K [0x00000000a0000000, 0x0000000100000000)
  region size 1024K, 2 young (2048K), 2 survivors (2048K)
 Metaspace       used 88699K, capacity 92810K, committed 92876K, reserved 1130496K
  class space    used 11533K, capacity 12796K, committed 12800K, reserved 1048576K
}

